# JRE version: OpenJDK Runtime Environment Temurin-17.0.4+8 (17.0.4+8) (build 17.0.4+8)
# Java VM: OpenJDK 64-Bit Server VM Temurin-17.0.4+8 (17.0.4+8, mixed mode, emulated-client, tiered, compressed oops, compressed class ptrs, g1 gc, linux-amd64)
GC Precious Log:
 CPUs: 12 total, 8 available
 Memory: 32019M
 Large Page Support: Disabled
 NUMA Support: Disabled
 Compressed Oops: Enabled (Zero based)
 Heap Region Size: 4M
 Heap Min Capacity: 8M
 Heap Initial Capacity: 504M
 Heap Max Capacity: 8008M
 Pre-touch: Disabled
 Parallel Workers: 8
 Concurrent Workers: 2
 Concurrent Refinement Workers: 8
 Periodic GC: Disabled
Heap:
 garbage-first heap   total 294912K, used 66191K [0x000000060b800000, 0x0000000800000000)
  region size 4096K, 14 young (57344K), 1 survivors (4096K)
 Metaspace       used 50180K, committed 50560K, reserved 1097728K
  class space    used 6229K, committed 6400K, reserved 1048576K
GC Heap History (20 events):
Event: 0,628 GC heap before
{Heap before GC invocations=0 (full 0):
 garbage-first heap   total 516096K, used 24576K [0x000000060b800000, 0x0000000800000000)
  region size 4096K, 6 young (24576K), 0 survivors (0K)
 Metaspace       used 14902K, committed 15104K, reserved 1064960K
  class space    used 1513K, committed 1600K, reserved 1048576K
}
Event: 0,631 GC heap after
{Heap after GC invocations=1 (full 0):
 garbage-first heap   total 516096K, used 4932K [0x000000060b800000, 0x0000000800000000)
  region size 4096K, 1 young (4096K), 1 survivors (4096K)
 Metaspace       used 14902K, committed 15104K, reserved 1064960K
  class space    used 1513K, committed 1600K, reserved 1048576K
}
Event: 0,768 GC heap before
{Heap before GC invocations=1 (full 0):
 garbage-first heap   total 516096K, used 25412K [0x000000060b800000, 0x0000000800000000)
  region size 4096K, 6 young (24576K), 1 survivors (4096K)
 Metaspace       used 17477K, committed 17664K, reserved 1073152K
  class space    used 1843K, committed 1920K, reserved 1048576K
}
Event: 0,770 GC heap after
{Heap after GC invocations=2 (full 0):
 garbage-first heap   total 516096K, used 6549K [0x000000060b800000, 0x0000000800000000)
  region size 4096K, 1 young (4096K), 1 survivors (4096K)
 Metaspace       used 17477K, committed 17664K, reserved 1073152K
  class space    used 1843K, committed 1920K, reserved 1048576K
}
Event: 0,979 GC heap before
{Heap before GC invocations=2 (full 0):
 garbage-first heap   total 516096K, used 39317K [0x000000060b800000, 0x0000000800000000)
  region size 4096K, 10 young (40960K), 1 survivors (4096K)
 Metaspace       used 21249K, committed 21504K, reserved 1073152K
  class space    used 2427K, committed 2560K, reserved 1048576K
}
Event: 0,980 GC heap after
{Heap after GC invocations=3 (full 0):
 garbage-first heap   total 516096K, used 7734K [0x000000060b800000, 0x0000000800000000)
  region size 4096K, 1 young (4096K), 1 survivors (4096K)
 Metaspace       used 21249K, committed 21504K, reserved 1073152K
  class space    used 2427K, committed 2560K, reserved 1048576K
}
Event: 1,064 GC heap before
{Heap before GC invocations=4 (full 0):
 garbage-first heap   total 69632K, used 48694K [0x000000060b800000, 0x0000000800000000)
  region size 4096K, 12 young (49152K), 1 survivors (4096K)
 Metaspace       used 24683K, committed 24960K, reserved 1073152K
  class space    used 2828K, committed 2944K, reserved 1048576K
}
Event: 1,066 GC heap after
{Heap after GC invocations=5 (full 0):
 garbage-first heap   total 69632K, used 8334K [0x000000060b800000, 0x0000000800000000)
  region size 4096K, 1 young (4096K), 1 survivors (4096K)
 Metaspace       used 24683K, committed 24960K, reserved 1073152K
  class space    used 2828K, committed 2944K, reserved 1048576K
}
Event: 1,077 GC heap before
{Heap before GC invocations=5 (full 0):
 garbage-first heap   total 69632K, used 12430K [0x000000060b800000, 0x0000000800000000)
  region size 4096K, 2 young (8192K), 1 survivors (4096K)
 Metaspace       used 25183K, committed 25472K, reserved 1073152K
  class space    used 2889K, committed 3008K, reserved 1048576K
}
Event: 1,079 GC heap after
{Heap after GC invocations=6 (full 0):
 garbage-first heap   total 69632K, used 8598K [0x000000060b800000, 0x0000000800000000)
  region size 4096K, 1 young (4096K), 1 survivors (4096K)
 Metaspace       used 25183K, committed 25472K, reserved 1073152K
  class space    used 2889K, committed 3008K, reserved 1048576K
}
Event: 1,175 GC heap before
{Heap before GC invocations=6 (full 0):
 garbage-first heap   total 69632K, used 41366K [0x000000060b800000, 0x0000000800000000)
  region size 4096K, 10 young (40960K), 1 survivors (4096K)
 Metaspace       used 28213K, committed 28480K, reserved 1081344K
  class space    used 3325K, committed 3456K, reserved 1048576K
}
Event: 1,178 GC heap after
{Heap after GC invocations=7 (full 0):
 garbage-first heap   total 294912K, used 9071K [0x000000060b800000, 0x0000000800000000)
  region size 4096K, 1 young (4096K), 1 survivors (4096K)
 Metaspace       used 28213K, committed 28480K, reserved 1081344K
  class space    used 3325K, committed 3456K, reserved 1048576K
}
Event: 1,756 GC heap before
{Heap before GC invocations=7 (full 0):
 garbage-first heap   total 294912K, used 103279K [0x000000060b800000, 0x0000000800000000)
  region size 4096K, 25 young (102400K), 1 survivors (4096K)
 Metaspace       used 35641K, committed 35968K, reserved 1081344K
  class space    used 4378K, committed 4544K, reserved 1048576K
}
Event: 1,759 GC heap after
{Heap after GC invocations=8 (full 0):
 garbage-first heap   total 294912K, used 12694K [0x000000060b800000, 0x0000000800000000)
  region size 4096K, 2 young (8192K), 2 survivors (8192K)
 Metaspace       used 35641K, committed 35968K, reserved 1081344K
  class space    used 4378K, committed 4544K, reserved 1048576K
}
Event: 1,945 GC heap before
{Heap before GC invocations=9 (full 0):
 garbage-first heap   total 69632K, used 53654K [0x000000060b800000, 0x0000000800000000)
  region size 4096K, 13 young (53248K), 2 survivors (8192K)
 Metaspace       used 40004K, committed 40320K, reserved 1089536K
  class space    used 4892K, committed 4992K, reserved 1048576K
}
Event: 1,949 GC heap after
{Heap after GC invocations=10 (full 0):
 garbage-first heap   total 73728K, used 15147K [0x000000060b800000, 0x0000000800000000)
  region size 4096K, 3 young (12288K), 3 survivors (12288K)
 Metaspace       used 40004K, committed 40320K, reserved 1089536K
  class space    used 4892K, committed 4992K, reserved 1048576K
}
Event: 1,964 GC heap before
{Heap before GC invocations=10 (full 0):
 garbage-first heap   total 73728K, used 19243K [0x000000060b800000, 0x0000000800000000)
  region size 4096K, 4 young (16384K), 3 survivors (12288K)
 Metaspace       used 40270K, committed 40640K, reserved 1089536K
  class space    used 4921K, committed 5056K, reserved 1048576K
}
Event: 1,969 GC heap after
{Heap after GC invocations=11 (full 0):
 garbage-first heap   total 73728K, used 16057K [0x000000060b800000, 0x0000000800000000)
  region size 4096K, 1 young (4096K), 1 survivors (4096K)
 Metaspace       used 40270K, committed 40640K, reserved 1089536K
  class space    used 4921K, committed 5056K, reserved 1048576K
}
Event: 2,168 GC heap before
{Heap before GC invocations=11 (full 0):
 garbage-first heap   total 73728K, used 52921K [0x000000060b800000, 0x0000000800000000)
  region size 4096K, 10 young (40960K), 1 survivors (4096K)
 Metaspace       used 43239K, committed 43520K, reserved 1089536K
  class space    used 5369K, committed 5504K, reserved 1048576K
}
Event: 2,171 GC heap after
{Heap after GC invocations=12 (full 0):
 garbage-first heap   total 294912K, used 17039K [0x000000060b800000, 0x0000000800000000)
  region size 4096K, 1 young (4096K), 1 survivors (4096K)
 Metaspace       used 43239K, committed 43520K, reserved 1089536K
  class space    used 5369K, committed 5504K, reserved 1048576K
}

