# JRE version: OpenJDK Runtime Environment Temurin-17.0.4+8 (17.0.4+8) (build 17.0.4+8)
# Java VM: OpenJDK 64-Bit Server VM Temurin-17.0.4+8 (17.0.4+8, mixed mode, emulated-client, tiered, compressed oops, compressed class ptrs, g1 gc, linux-amd64)
GC Precious Log:
 CPUs: 12 total, 8 available
 Memory: 32019M
 Large Page Support: Disabled
 NUMA Support: Disabled
 Compressed Oops: Enabled (Zero based)
 Heap Region Size: 4M
 Heap Min Capacity: 8M
 Heap Initial Capacity: 504M
 Heap Max Capacity: 8008M
 Pre-touch: Disabled
 Parallel Workers: 8
 Concurrent Workers: 2
 Concurrent Refinement Workers: 8
 Periodic GC: Disabled
Heap:
 garbage-first heap   total 294912K, used 73390K [0x000000060b800000, 0x0000000800000000)
  region size 4096K, 16 young (65536K), 1 survivors (4096K)
 Metaspace       used 50209K, committed 50560K, reserved 1097728K
  class space    used 6230K, committed 6400K, reserved 1048576K
GC Heap History (20 events):
Event: 0,710 GC heap before
{Heap before GC invocations=1 (full 0):
 garbage-first heap   total 516096K, used 25634K [0x000000060b800000, 0x0000000800000000)
  region size 4096K, 6 young (24576K), 1 survivors (4096K)
 Metaspace       used 17867K, committed 18048K, reserved 1073152K
  class space    used 1905K, committed 1984K, reserved 1048576K
}
Event: 0,712 GC heap after
{Heap after GC invocations=2 (full 0):
 garbage-first heap   total 516096K, used 6682K [0x000000060b800000, 0x0000000800000000)
  region size 4096K, 1 young (4096K), 1 survivors (4096K)
 Metaspace       used 17867K, committed 18048K, reserved 1073152K
  class space    used 1905K, committed 1984K, reserved 1048576K
}
Event: 0,890 GC heap before
{Heap before GC invocations=2 (full 0):
 garbage-first heap   total 516096K, used 35354K [0x000000060b800000, 0x0000000800000000)
  region size 4096K, 9 young (36864K), 1 survivors (4096K)
 Metaspace       used 21275K, committed 21504K, reserved 1073152K
  class space    used 2405K, committed 2560K, reserved 1048576K
}
Event: 0,892 GC heap after
{Heap after GC invocations=3 (full 0):
 garbage-first heap   total 516096K, used 7615K [0x000000060b800000, 0x0000000800000000)
  region size 4096K, 1 young (4096K), 1 survivors (4096K)
 Metaspace       used 21275K, committed 21504K, reserved 1073152K
  class space    used 2405K, committed 2560K, reserved 1048576K
}
Event: 0,974 GC heap before
{Heap before GC invocations=4 (full 0):
 garbage-first heap   total 57344K, used 36287K [0x000000060b800000, 0x0000000800000000)
  region size 4096K, 9 young (36864K), 1 survivors (4096K)
 Metaspace       used 23831K, committed 24128K, reserved 1073152K
  class space    used 2743K, committed 2880K, reserved 1048576K
}
Event: 0,976 GC heap after
{Heap after GC invocations=5 (full 0):
 garbage-first heap   total 57344K, used 8303K [0x000000060b800000, 0x0000000800000000)
  region size 4096K, 1 young (4096K), 1 survivors (4096K)
 Metaspace       used 23831K, committed 24128K, reserved 1073152K
  class space    used 2743K, committed 2880K, reserved 1048576K
}
Event: 0,984 GC heap before
{Heap before GC invocations=5 (full 0):
 garbage-first heap   total 57344K, used 8303K [0x000000060b800000, 0x0000000800000000)
  region size 4096K, 2 young (8192K), 1 survivors (4096K)
 Metaspace       used 24166K, committed 24448K, reserved 1073152K
  class space    used 2786K, committed 2944K, reserved 1048576K
}
Event: 0,986 GC heap after
{Heap after GC invocations=6 (full 0):
 garbage-first heap   total 57344K, used 8476K [0x000000060b800000, 0x0000000800000000)
  region size 4096K, 1 young (4096K), 1 survivors (4096K)
 Metaspace       used 24166K, committed 24448K, reserved 1073152K
  class space    used 2786K, committed 2944K, reserved 1048576K
}
Event: 1,037 GC heap before
{Heap before GC invocations=6 (full 0):
 garbage-first heap   total 57344K, used 33052K [0x000000060b800000, 0x0000000800000000)
  region size 4096K, 7 young (28672K), 1 survivors (4096K)
 Metaspace       used 26414K, committed 26688K, reserved 1073152K
  class space    used 3070K, committed 3200K, reserved 1048576K
}
Event: 1,038 GC heap after
{Heap after GC invocations=7 (full 0):
 garbage-first heap   total 57344K, used 8719K [0x000000060b800000, 0x0000000800000000)
  region size 4096K, 1 young (4096K), 1 survivors (4096K)
 Metaspace       used 26414K, committed 26688K, reserved 1073152K
  class space    used 3070K, committed 3200K, reserved 1048576K
}
Event: 1,118 GC heap before
{Heap before GC invocations=7 (full 0):
 garbage-first heap   total 57344K, used 37391K [0x000000060b800000, 0x0000000800000000)
  region size 4096K, 8 young (32768K), 1 survivors (4096K)
 Metaspace       used 28571K, committed 28800K, reserved 1081344K
  class space    used 3357K, committed 3456K, reserved 1048576K
}
Event: 1,120 GC heap after
{Heap after GC invocations=8 (full 0):
 garbage-first heap   total 286720K, used 9489K [0x000000060b800000, 0x0000000800000000)
  region size 4096K, 1 young (4096K), 1 survivors (4096K)
 Metaspace       used 28571K, committed 28800K, reserved 1081344K
  class space    used 3357K, committed 3456K, reserved 1048576K
}
Event: 1,658 GC heap before
{Heap before GC invocations=8 (full 0):
 garbage-first heap   total 286720K, used 95505K [0x000000060b800000, 0x0000000800000000)
  region size 4096K, 24 young (98304K), 1 survivors (4096K)
 Metaspace       used 35820K, committed 36096K, reserved 1081344K
  class space    used 4407K, committed 4544K, reserved 1048576K
}
Event: 1,660 GC heap after
{Heap after GC invocations=9 (full 0):
 garbage-first heap   total 286720K, used 12532K [0x000000060b800000, 0x0000000800000000)
  region size 4096K, 2 young (8192K), 2 survivors (8192K)
 Metaspace       used 35820K, committed 36096K, reserved 1081344K
  class space    used 4407K, committed 4544K, reserved 1048576K
}
Event: 1,859 GC heap before
{Heap before GC invocations=10 (full 0):
 garbage-first heap   total 69632K, used 53492K [0x000000060b800000, 0x0000000800000000)
  region size 4096K, 13 young (53248K), 2 survivors (8192K)
 Metaspace       used 40342K, committed 40640K, reserved 1089536K
  class space    used 4936K, committed 5056K, reserved 1048576K
}
Event: 1,863 GC heap after
{Heap after GC invocations=11 (full 0):
 garbage-first heap   total 69632K, used 14104K [0x000000060b800000, 0x0000000800000000)
  region size 4096K, 2 young (8192K), 2 survivors (8192K)
 Metaspace       used 40342K, committed 40640K, reserved 1089536K
  class space    used 4936K, committed 5056K, reserved 1048576K
}
Event: 1,891 GC heap before
{Heap before GC invocations=11 (full 0):
 garbage-first heap   total 69632K, used 18200K [0x000000060b800000, 0x0000000800000000)
  region size 4096K, 3 young (12288K), 2 survivors (8192K)
 Metaspace       used 40896K, committed 41280K, reserved 1089536K
  class space    used 5006K, committed 5184K, reserved 1048576K
}
Event: 1,897 GC heap after
{Heap after GC invocations=12 (full 0):
 garbage-first heap   total 69632K, used 13988K [0x000000060b800000, 0x0000000800000000)
  region size 4096K, 1 young (4096K), 1 survivors (4096K)
 Metaspace       used 40896K, committed 41280K, reserved 1089536K
  class space    used 5006K, committed 5184K, reserved 1048576K
}
Event: 2,105 GC heap before
{Heap before GC invocations=12 (full 0):
 garbage-first heap   total 69632K, used 50852K [0x000000060b800000, 0x0000000800000000)
  region size 4096K, 10 young (40960K), 1 survivors (4096K)
 Metaspace       used 43474K, committed 43840K, reserved 1089536K
  class space    used 5419K, committed 5568K, reserved 1048576K
}
Event: 2,110 GC heap after
{Heap after GC invocations=13 (full 0):
 garbage-first heap   total 294912K, used 16046K [0x000000060b800000, 0x0000000800000000)
  region size 4096K, 1 young (4096K), 1 survivors (4096K)
 Metaspace       used 43474K, committed 43840K, reserved 1089536K
  class space    used 5419K, committed 5568K, reserved 1048576K
}

